#
# There is insufficient memory for the Java Runtime Environment to continue.
# Native memory allocation (mmap) failed to map 232783872 bytes for G1 virtual space
# Possible reasons:
#   The system is out of physical RAM or swap space
#   The process is running with CompressedOops enabled, and the Java Heap may be blocking the growth of the native heap
# Possible solutions:
#   Reduce memory load on the system
#   Increase physical memory or swap space
#   Check if swap backing store is full
#   Decrease Java heap size (-Xmx/-Xms)
#   Decrease number of Java threads
#   Decrease Java thread stack sizes (-Xss)
#   Set larger code cache with -XX:ReservedCodeCacheSize=
#   JVM is running with Zero Based Compressed Oops mode in which the Java heap is
#     placed in the first 32GB address space. The Java Heap base address is the
#     maximum limit for the native heap growth. Please use -XX:HeapBaseMinAddress
#     to set the Java Heap base and to place the Java Heap above 32GB virtual address.
# This output file may be truncated or incomplete.
#
#  Out of Memory Error (os_windows.cpp:3528), pid=23940, tid=15296
#
# JRE version:  (20.0.2+9) (build )
# Java VM: OpenJDK 64-Bit Server VM (20.0.2+9-78, mixed mode, sharing, tiered, compressed oops, compressed class ptrs, g1 gc, windows-amd64)
# No core dump will be written. Minidumps are not enabled by default on client versions of Windows
#

---------------  S U M M A R Y ------------

Command Line: -javaagent:C:\Program Files\JetBrains\IntelliJ IDEA Community Edition 2023.2.1\lib\idea_rt.jar=64116:C:\Program Files\JetBrains\IntelliJ IDEA Community Edition 2023.2.1\bin -Dfile.encoding=UTF-8 -Dsun.stdout.encoding=UTF-8 -Dsun.stderr.encoding=UTF-8 Questao10

Host: AMD Ryzen 7 5800H with Radeon Graphics         , 16 cores, 13G,  Windows 11 , 64 bit Build 22621 (10.0.22621.2506)
Time: Fri Nov 10 18:13:01 2023 Hora oficial do Brasil elapsed time: 0.010013 seconds (0d 0h 0m 0s)

---------------  T H R E A D  ---------------

Current thread (0x000001e74ce682a0):  JavaThread "Unknown thread" [_thread_in_vm, id=15296, stack(0x0000006b2fb00000,0x0000006b2fc00000)]

Stack: [0x0000006b2fb00000,0x0000006b2fc00000]
Native frames: (J=compiled Java code, j=interpreted, Vv=VM code, C=native code)
V  [jvm.dll+0x6bc25a]
V  [jvm.dll+0x84971a]
V  [jvm.dll+0x84b315]
V  [jvm.dll+0x84ba13]
V  [jvm.dll+0x280e4f]
V  [jvm.dll+0x6b8fe9]
V  [jvm.dll+0x6adbca]
V  [jvm.dll+0x35b165]
V  [jvm.dll+0x363386]
V  [jvm.dll+0x3b400e]
V  [jvm.dll+0x3b4295]
V  [jvm.dll+0x32b86a]
V  [jvm.dll+0x32c68b]
V  [jvm.dll+0x8123df]
V  [jvm.dll+0x3c1261]
V  [jvm.dll+0x7fe103]
V  [jvm.dll+0x44ccaf]
V  [jvm.dll+0x44e621]
C  [jli.dll+0x5287]
C  [ucrtbase.dll+0x29363]
C  [KERNEL32.DLL+0x1257d]
C  [ntdll.dll+0x5aa58]


---------------  P R O C E S S  ---------------

Threads class SMR info:
_java_thread_list=0x00007ffb7ca5b118, length=0, elements={
}

Java Threads: ( => current thread )

Other Threads:
  0x000001e74ced0730 WorkerThread "GC Thread#0" [stack: 0x0000006b2fc00000,0x0000006b2fd00000] [id=23916]
  0x000001e74cedf5a0 ConcurrentGCThread "G1 Main Marker" [stack: 0x0000006b2fd00000,0x0000006b2fe00000] [id=14276]
  0x000001e74cee0770 WorkerThread "G1 Conc#0" [stack: 0x0000006b2fe00000,0x0000006b2ff00000] [id=23800]

[error occurred during error reporting (printing all threads), id 0xc0000005, EXCEPTION_ACCESS_VIOLATION (0xc0000005) at pc=0x00007ffb7c23eea7]
VM state: not at safepoint (not fully initialized)

VM Mutex/Monitor currently owned by a thread:  ([mutex/lock_event])
[0x000001e74ce647f0] Heap_lock - owner thread: 0x000001e74ce682a0

Heap address: 0x0000000722400000, size: 3548 MB, Compressed Oops mode: Zero based, Oop shift amount: 3

CDS archive(s) mapped at: [0x0000000000000000-0x0000000000000000-0x0000000000000000), size 0, SharedBaseAddress: 0x0000000800000000, ArchiveRelocationMode: 1.
Narrow klass base: 0x0000000000000000, Narrow klass shift: 0, Narrow klass range: 0x0

GC Precious Log:
 CardTable entry size: 512
 Card Set container configuration: InlinePtr #cards 4 size 8 Array Of Cards #cards 16 size 48 Howl #buckets 8 coarsen threshold 3686 Howl Bitmap #cards 512 size 80 coarsen threshold 460 Card regions per heap region 1 cards per card region 4096

Heap:
 garbage-first heap   total 0K, used 0K [0x0000000722400000, 0x0000000800000000)
  region size 2048K, 0 young (0K), 0 survivors (0K)

[error occurred during error reporting (printing heap information), id 0xc0000005, EXCEPTION_ACCESS_VIOLATION (0xc0000005) at pc=0x00007ffb7c6147b9]
GC Heap History (0 events):
No events

Dll operation events (1 events):
Event: 0.007 Loaded shared library C:\Users\Jorge\.jdks\openjdk-20.0.2\bin\java.dll

Deoptimization events (0 events):
No events

Classes loaded (0 events):
No events

Classes unloaded (0 events):
No events

Classes redefined (0 events):
No events

Internal exceptions (0 events):
No events

VM Operations (0 events):
No events

Events (0 events):
No events


Dynamic libraries:
0x00007ff62f990000 - 0x00007ff62f99e000 	C:\Users\Jorge\.jdks\openjdk-20.0.2\bin\java.exe
0x00007ffc41550000 - 0x00007ffc41767000 	C:\WINDOWS\SYSTEM32\ntdll.dll
0x00007ffc3fc30000 - 0x00007ffc3fcf4000 	C:\WINDOWS\System32\KERNEL32.DLL
0x00007ffc3e9a0000 - 0x00007ffc3ed47000 	C:\WINDOWS\System32\KERNELBASE.dll
0x00007ffc3ed50000 - 0x00007ffc3ee61000 	C:\WINDOWS\System32\ucrtbase.dll
0x00007ffc26b50000 - 0x00007ffc26b67000 	C:\Users\Jorge\.jdks\openjdk-20.0.2\bin\jli.dll
0x00007ffc25360000 - 0x00007ffc2537b000 	C:\Users\Jorge\.jdks\openjdk-20.0.2\bin\VCRUNTIME140.dll
0x00007ffc40130000 - 0x00007ffc402de000 	C:\WINDOWS\System32\USER32.dll
0x00007ffc3e8d0000 - 0x00007ffc3e8f6000 	C:\WINDOWS\System32\win32u.dll
0x00007ffc2ed70000 - 0x00007ffc2f003000 	C:\WINDOWS\WinSxS\amd64_microsoft.windows.common-controls_6595b64144ccf1df_6.0.22621.2506_none_270c5ae97388e100\COMCTL32.dll
0x00007ffc3fa40000 - 0x00007ffc3fa69000 	C:\WINDOWS\System32\GDI32.dll
0x00007ffc41400000 - 0x00007ffc414a7000 	C:\WINDOWS\System32\msvcrt.dll
0x00007ffc3ee70000 - 0x00007ffc3ef89000 	C:\WINDOWS\System32\gdi32full.dll
0x00007ffc3e900000 - 0x00007ffc3e99a000 	C:\WINDOWS\System32\msvcp_win.dll
0x00007ffc3f5d0000 - 0x00007ffc3f601000 	C:\WINDOWS\System32\IMM32.DLL
0x00007ffc2b2f0000 - 0x00007ffc2b2fc000 	C:\Users\Jorge\.jdks\openjdk-20.0.2\bin\vcruntime140_1.dll
0x00007ffbf9e10000 - 0x00007ffbf9e9e000 	C:\Users\Jorge\.jdks\openjdk-20.0.2\bin\msvcp140.dll
0x00007ffb7bf00000 - 0x00007ffb7cb98000 	C:\Users\Jorge\.jdks\openjdk-20.0.2\bin\server\jvm.dll
0x00007ffc3f850000 - 0x00007ffc3f900000 	C:\WINDOWS\System32\ADVAPI32.dll
0x00007ffc3fd00000 - 0x00007ffc3fda6000 	C:\WINDOWS\System32\sechost.dll
0x00007ffc3fdb0000 - 0x00007ffc3fec7000 	C:\WINDOWS\System32\RPCRT4.dll
0x00007ffc36e30000 - 0x00007ffc36e64000 	C:\WINDOWS\SYSTEM32\WINMM.dll
0x00007ffc22130000 - 0x00007ffc22139000 	C:\WINDOWS\SYSTEM32\WSOCK32.dll
0x00007ffc355a0000 - 0x00007ffc355aa000 	C:\WINDOWS\SYSTEM32\VERSION.dll
0x00007ffc40b40000 - 0x00007ffc40bb1000 	C:\WINDOWS\System32\WS2_32.dll
0x00007ffc3d830000 - 0x00007ffc3d848000 	C:\WINDOWS\SYSTEM32\kernel.appcore.dll
0x00007ffc25790000 - 0x00007ffc2579a000 	C:\Users\Jorge\.jdks\openjdk-20.0.2\bin\jimage.dll
0x00007ffc327a0000 - 0x00007ffc329d3000 	C:\WINDOWS\SYSTEM32\DBGHELP.DLL
0x00007ffc40bd0000 - 0x00007ffc40f59000 	C:\WINDOWS\System32\combase.dll
0x00007ffc3f610000 - 0x00007ffc3f6e7000 	C:\WINDOWS\System32\OLEAUT32.dll
0x00007ffc2e610000 - 0x00007ffc2e642000 	C:\WINDOWS\SYSTEM32\dbgcore.DLL
0x00007ffc3f0c0000 - 0x00007ffc3f13a000 	C:\WINDOWS\System32\bcryptPrimitives.dll
0x00007ffc25560000 - 0x00007ffc2556e000 	C:\Users\Jorge\.jdks\openjdk-20.0.2\bin\instrument.dll
0x00007ffc21b70000 - 0x00007ffc21b96000 	C:\Users\Jorge\.jdks\openjdk-20.0.2\bin\java.dll

dbghelp: loaded successfully - version: 4.0.5 - missing functions: none
symbol engine: initialized successfully - sym options: 0x614 - pdb path: .;C:\Users\Jorge\.jdks\openjdk-20.0.2\bin;C:\WINDOWS\SYSTEM32;C:\WINDOWS\WinSxS\amd64_microsoft.windows.common-controls_6595b64144ccf1df_6.0.22621.2506_none_270c5ae97388e100;C:\Users\Jorge\.jdks\openjdk-20.0.2\bin\server

VM Arguments:
jvm_args: -javaagent:C:\Program Files\JetBrains\IntelliJ IDEA Community Edition 2023.2.1\lib\idea_rt.jar=64116:C:\Program Files\JetBrains\IntelliJ IDEA Community Edition 2023.2.1\bin -Dfile.encoding=UTF-8 -Dsun.stdout.encoding=UTF-8 -Dsun.stderr.encoding=UTF-8 
java_command: Questao10
java_class_path (initial): C:\Users\Jorge\IdeaProjects\APS\out\production\APS
Launcher Type: SUN_STANDARD

[Global flags]
     intx CICompilerCount                          = 12                                        {product} {ergonomic}
     uint ConcGCThreads                            = 3                                         {product} {ergonomic}
     uint G1ConcRefinementThreads                  = 13                                        {product} {ergonomic}
   size_t G1HeapRegionSize                         = 2097152                                   {product} {ergonomic}
    uintx GCDrainStackTargetSize                   = 64                                        {product} {ergonomic}
   size_t InitialHeapSize                          = 232783872                                 {product} {ergonomic}
   size_t MarkStackSize                            = 4194304                                   {product} {ergonomic}
   size_t MaxHeapSize                              = 3720347648                                {product} {ergonomic}
   size_t MinHeapDeltaBytes                        = 2097152                                   {product} {ergonomic}
   size_t MinHeapSize                              = 8388608                                   {product} {ergonomic}
    uintx NonNMethodCodeHeapSize                   = 7602480                                {pd product} {ergonomic}
    uintx NonProfiledCodeHeapSize                  = 122027880                              {pd product} {ergonomic}
    uintx ProfiledCodeHeapSize                     = 122027880                              {pd product} {ergonomic}
    uintx ReservedCodeCacheSize                    = 251658240                              {pd product} {ergonomic}
     bool SegmentedCodeCache                       = true                                      {product} {ergonomic}
   size_t SoftMaxHeapSize                          = 3720347648                             {manageable} {ergonomic}
     bool UseCompressedClassPointers               = true                           {product lp64_product} {ergonomic}
     bool UseCompressedOops                        = true                           {product lp64_product} {ergonomic}
     bool UseG1GC                                  = true                                      {product} {ergonomic}
     bool UseLargePagesIndividualAllocation        = false                                  {pd product} {ergonomic}

Logging:
Log output configuration:
 #0: stdout all=warning uptime,level,tags foldmultilines=false
 #1: stderr all=off uptime,level,tags foldmultilines=false

Environment Variables:
PATH=C:\Program Files\Common Files\Oracle\Java\javapath;C:\Program Files (x86)\Common Files\Oracle\Java\javapath;C:\WINDOWS\system32;C:\WINDOWS;C:\WINDOWS\System32\Wbem;C:\WINDOWS\System32\WindowsPowerShell\v1.0\;C:\WINDOWS\System32\OpenSSH\;C:\Program Files (x86)\NVIDIA Corporation\PhysX\Common;C:\Program Files\NVIDIA Corporation\NVIDIA NvDLISR;C:\Program Files\Git\cmd;C:\Program Files (x86)\Microsoft SQL Server\160\Tools\Binn\;C:\Program Files\Microsoft SQL Server\160\Tools\Binn\;C:\Program Files\Microsoft SQL Server\Client SDK\ODBC\170\Tools\Binn\;C:\Program Files\Microsoft SQL Server\160\DTS\Binn\;C:\Program Files (x86)\Microsoft SQL Server\160\DTS\Binn\;C:\Program Files\Azure Data Studio\bin;C:\Users\Jorge\AppData\Local\Microsoft\WindowsApps;C:\Users\Jorge\AppData\Local\Programs\Microsoft VS Code\bin;C:\Users\Jorge\AppData\Local\GitHubDesktop\bin;C:\Program Files\Azure Data Studio\bin
USERNAME=Jorge
OS=Windows_NT
PROCESSOR_IDENTIFIER=AMD64 Family 25 Model 80 Stepping 0, AuthenticAMD
TMP=C:\Users\Jorge\AppData\Local\Temp
TEMP=C:\Users\Jorge\AppData\Local\Temp




---------------  S Y S T E M  ---------------

OS:
 Windows 11 , 64 bit Build 22621 (10.0.22621.2506)
OS uptime: 0 days 5:35 hours
Hyper-V role detected

CPU: total 16 (initial active 16) (16 cores per cpu, 2 threads per core) family 25 model 80 stepping 0 microcode 0x0, cx8, cmov, fxsr, ht, mmx, 3dnowpref, sse, sse2, sse3, ssse3, sse4a, sse4.1, sse4.2, popcnt, lzcnt, tsc, tscinvbit, avx, avx2, aes, erms, clmul, bmi1, bmi2, adx, sha, fma, vzeroupper, clflush, clflushopt, hv, rdtscp, rdpid, fsrm, f16c, cet_ss

Memory: 4k page, system-wide physical 14188M (2775M free)
TotalPageFile size 22188M (AvailPageFile size 20M)
current process WorkingSet (physical memory assigned to process): 11M, peak: 11M
current process commit charge ("private bytes"): 70M, peak: 292M

vm_info: OpenJDK 64-Bit Server VM (20.0.2+9-78) for windows-amd64 JRE (20.0.2+9-78), built on 2023-06-14T10:08:48Z by "mach5one" with MS VC++ 17.1 (VS2022)

END.
